Build started 4/29/2016 5:07:06 PM.
     1>Project "C:\Users\computer\opengl-engine\MGWBTutorials\MGWBTutorials.vcxproj" on node 2 (Build target(s)).
     1>ClCompile:
         C:\Program Files (x86)\Microsoft Visual Studio 14.0\VC\bin\CL.exe /c /ZI /nologo /W3 /WX- /sdl /Od /Oy- /D _MBCS /Gm /EHsc /RTC1 /MDd /GS /fp:precise /Zc:wchar_t /Zc:forScope /Zc:inline /Fo"Debug\\" /Fd"Debug\vc140.pdb" /Gd /TP /analyze- /errorReport:prompt Bullet.cpp main.cpp MainGame.cpp
         MainGame.cpp
     1>c:\users\computer\opengl-engine\mgwbtutorials\maingame.cpp(59): warning C4244: 'argument': conversion from 'Sint32' to 'float', possible loss of data
     1>c:\users\computer\opengl-engine\mgwbtutorials\maingame.cpp(137): warning C4018: '<': signed/unsigned mismatch
     1>c:\users\computer\opengl-engine\mgwbtutorials\maingame.cpp(162): warning C4018: '<': signed/unsigned mismatch
         main.cpp
         Bullet.cpp
         Generating Code...
       Link:
         C:\Program Files (x86)\Microsoft Visual Studio 14.0\VC\bin\link.exe /ERRORREPORT:PROMPT /OUT:"C:\Users\computer\opengl-engine\Debug\MGWBTutorials.exe" /INCREMENTAL /NOLOGO opengl32.lib glew32.lib SDL2.lib SDL2main.lib Project42.lib kernel32.lib user32.lib gdi32.lib winspool.lib comdlg32.lib advapi32.lib shell32.lib ole32.lib oleaut32.lib uuid.lib odbc32.lib odbccp32.lib /MANIFEST /MANIFESTUAC:"level='asInvoker' uiAccess='false'" /manifest:embed /Debug /PDB:"C:\Users\computer\opengl-engine\Debug\MGWBTutorials.pdb" /SUBSYSTEM:CONSOLE /TLBID:1 /DYNAMICBASE /NXCOMPAT /IMPLIB:"C:\Users\computer\opengl-engine\Debug\MGWBTutorials.lib" /MACHINE:X86 Debug\Bullet.obj
         Debug\main.obj
         Debug\MainGame.obj
         LINK : C:\Users\computer\opengl-engine\Debug\MGWBTutorials.exe not found or not built by the last incremental link; performing full link
         MGWBTutorials.vcxproj -> C:\Users\computer\opengl-engine\Debug\MGWBTutorials.exe
     1>Done Building Project "C:\Users\computer\opengl-engine\MGWBTutorials\MGWBTutorials.vcxproj" (Build target(s)).

Build succeeded.

Time Elapsed 00:00:09.22
