Build started 3/20/2016 2:40:33 PM.
     1>Project "C:\Users\computer\Desktop\opengl-engine\ZombieGame\ZombieGame.vcxproj" on node 2 (Build target(s)).
     1>ClCompile:
         C:\Program Files (x86)\Microsoft Visual Studio 14.0\VC\bin\CL.exe /c /ZI /nologo /W3 /WX- /sdl /Od /Oy- /D _MBCS /Gm /EHsc /RTC1 /MDd /GS /fp:precise /Zc:wchar_t /Zc:forScope /Zc:inline /Fo"Debug\\" /Fd"Debug\vc140.pdb" /Gd /TP /analyze- /errorReport:prompt Civillian.cpp Game.cpp Player.cpp main.cpp
         Game.cpp
     1>c:\users\computer\desktop\opengl-engine\zombiegame\collisions.h(9): warning C4244: 'initializing': conversion from 'float' to 'int', possible loss of data
     1>c:\users\computer\desktop\opengl-engine\zombiegame\collisions.h(10): warning C4244: 'initializing': conversion from 'float' to 'int', possible loss of data
     1>c:\users\computer\desktop\opengl-engine\zombiegame\collisions.h(11): warning C4244: 'initializing': conversion from 'double' to 'int', possible loss of data
     1>c:\users\computer\desktop\opengl-engine\zombiegame\game.cpp(58): warning C4244: 'argument': conversion from 'Sint32' to 'float', possible loss of data
     1>c:\users\computer\desktop\opengl-engine\zombiegame\game.cpp(89): warning C4018: '<': signed/unsigned mismatch
     1>c:\users\computer\desktop\opengl-engine\zombiegame\game.cpp(92): warning C4018: '<': signed/unsigned mismatch
     1>c:\users\computer\desktop\opengl-engine\zombiegame\game.cpp(115): warning C4018: '<': signed/unsigned mismatch
     1>c:\users\computer\desktop\opengl-engine\zombiegame\game.cpp(122): warning C4018: '<': signed/unsigned mismatch
         Generating Code...
         Compiling...
         main.cpp
         Player.cpp
         Generating Code...
         Skipping... (no relevant changes detected)
         Civillian.cpp
       Link:
         C:\Program Files (x86)\Microsoft Visual Studio 14.0\VC\bin\link.exe /ERRORREPORT:PROMPT /OUT:"C:\Users\computer\Desktop\opengl-engine\Debug\ZombieGame.exe" /INCREMENTAL /NOLOGO opengl32.lib SDL2.lib SDL2main.lib Project42.lib glew32.lib kernel32.lib user32.lib gdi32.lib winspool.lib comdlg32.lib advapi32.lib shell32.lib ole32.lib oleaut32.lib uuid.lib odbc32.lib odbccp32.lib /MANIFEST /MANIFESTUAC:"level='asInvoker' uiAccess='false'" /manifest:embed /Debug /PDB:"C:\Users\computer\Desktop\opengl-engine\Debug\ZombieGame.pdb" /SUBSYSTEM:CONSOLE /TLBID:1 /DYNAMICBASE /NXCOMPAT /IMPLIB:"C:\Users\computer\Desktop\opengl-engine\Debug\ZombieGame.lib" /MACHINE:X86 Debug\Civillian.obj
         Debug\Drawable.obj
         Debug\Game.obj
         Debug\main.obj
         Debug\Player.obj
         Debug\Wall.obj
         ZombieGame.vcxproj -> C:\Users\computer\Desktop\opengl-engine\Debug\ZombieGame.exe
     1>Done Building Project "C:\Users\computer\Desktop\opengl-engine\ZombieGame\ZombieGame.vcxproj" (Build target(s)).

Build succeeded.

Time Elapsed 00:00:04.72
