Build started 4/27/2016 8:00:42 PM.
     1>Project "C:\Users\computer\Desktop\opengl-engine\Project42\Project42.vcxproj" on node 2 (Build target(s)).
     1>ClCompile:
         C:\Program Files (x86)\Microsoft Visual Studio 14.0\VC\bin\CL.exe /c /ZI /nologo /W3 /WX- /Od /Oy- /D WIN32 /D _DEBUG /D _LIB /D _UNICODE /D UNICODE /Gm /EHsc /RTC1 /MDd /GS /fp:precise /Zc:wchar_t /Zc:forScope /Zc:inline /Fo"Debug\\" /Fd"Debug\Project42.pdb" /Gd /TP /analyze- /errorReport:prompt DrawableGameComponent.cpp Game.cpp GameComponent.cpp
         GameComponent.cpp
     1>c:\users\computer\desktop\opengl-engine\project42\gamecomponent.cpp(5): error C2664: 'void Proj42::Game::addGameComponent(GameComponent &)': cannot convert argument 1 from 'Proj42::GameComponent' to 'GameComponent &'
         Game.cpp
     1>c:\users\computer\desktop\opengl-engine\project42\game.cpp(41): error C2027: use of undefined type 'GameComponent'
         c:\users\computer\desktop\opengl-engine\project42\game.h(6): note: see declaration of 'GameComponent'
     1>c:\users\computer\desktop\opengl-engine\project42\game.cpp(41): error C2227: left of '->update' must point to class/struct/union/generic type
     1>c:\users\computer\desktop\opengl-engine\project42\game.cpp(47): error C2065: 'DrawableGameComponent': undeclared identifier
     1>c:\users\computer\desktop\opengl-engine\project42\game.cpp(47): error C2065: 'drawable': undeclared identifier
     1>c:\users\computer\desktop\opengl-engine\project42\game.cpp(47): error C2061: syntax error: identifier 'DrawableGameComponent'
         Generating Code...
         Compiling...
         DrawableGameComponent.cpp
         Generating Code...
     1>Done Building Project "C:\Users\computer\Desktop\opengl-engine\Project42\Project42.vcxproj" (Build target(s)) -- FAILED.

Build FAILED.

Time Elapsed 00:00:09.54
